<?xml version="1.0" encoding="UTF-8"?>
<testsuite name="com.service.edital.edital_service.EditalServiceApplicationTests" tests="1" skipped="0" failures="0" errors="0" timestamp="2025-03-04T01:39:05" hostname="inspiron" time="0.867">
  <properties/>
  <testcase name="contextLoads()" classname="com.service.edital.edital_service.EditalServiceApplicationTests" time="0.867"/>
  <system-out><![CDATA[22:38:55.413 [Test worker] INFO org.springframework.test.context.support.AnnotationConfigContextLoaderUtils -- Could not detect default configuration classes for test class [com.service.edital.edital_service.EditalServiceApplicationTests]: EditalServiceApplicationTests does not declare any static, non-private, non-final, nested classes annotated with @Configuration.
22:38:55.934 [Test worker] INFO org.springframework.boot.test.context.SpringBootTestContextBootstrapper -- Found @SpringBootConfiguration com.service.edital.edital_service.EditalServiceApplication for test class com.service.edital.edital_service.EditalServiceApplicationTests

  .   ____          _            __ _ _
 /\\ / ___'_ __ _ _(_)_ __  __ _ \ \ \ \
( ( )\___ | '_ | '_| | '_ \/ _` | \ \ \ \
 \\/  ___)| |_)| | | | | || (_| |  ) ) ) )
  '  |____| .__|_| |_|_| |_\__, | / / / /
 =========|_|==============|___/=/_/_/_/

 :: Spring Boot ::                (v3.4.3)

2025-03-03T22:38:57.664-03:00  INFO 696640 --- [editalservice] [    Test worker] c.s.e.e.EditalServiceApplicationTests    : Starting EditalServiceApplicationTests using Java 21.0.6 with PID 696640 (started by matheus in /home/matheus/Documentos/APSOO/2va/projeto/smart_edital/edital-service)
2025-03-03T22:38:57.667-03:00  INFO 696640 --- [editalservice] [    Test worker] c.s.e.e.EditalServiceApplicationTests    : No active profile set, falling back to 1 default profile: "default"
2025-03-03T22:39:04.309-03:00  WARN 696640 --- [editalservice] [    Test worker] JpaBaseConfiguration$JpaWebConfiguration : spring.jpa.open-in-view is enabled by default. Therefore, database queries may be performed during view rendering. Explicitly configure spring.jpa.open-in-view to disable this warning
2025-03-03T22:39:05.281-03:00  WARN 696640 --- [editalservice] [    Test worker] iguration$LoadBalancerCaffeineWarnLogger : Spring Cloud LoadBalancer is currently working with the default cache. While this cache implementation is useful for development and tests, it's recommended to use Caffeine cache in production.You can switch to using Caffeine cache, by adding it and org.springframework.cache.caffeine.CaffeineCacheManager to the classpath.
2025-03-03T22:39:05.331-03:00  INFO 696640 --- [editalservice] [    Test worker] c.s.e.e.EditalServiceApplicationTests    : Started EditalServiceApplicationTests in 8.674 seconds (process running for 14.574)
]]></system-out>
  <system-err><![CDATA[Mockito is currently self-attaching to enable the inline-mock-maker. This will no longer work in future releases of the JDK. Please add Mockito as an agent to your build what is described in Mockito's documentation: https://javadoc.io/doc/org.mockito/mockito-core/latest/org/mockito/Mockito.html#0.3
WARNING: A Java agent has been loaded dynamically (/home/matheus/.gradle/caches/modules-2/files-2.1/net.bytebuddy/byte-buddy-agent/1.15.11/a38b16385e867f59a641330f0362ebe742788ed8/byte-buddy-agent-1.15.11.jar)
WARNING: If a serviceability tool is in use, please run with -XX:+EnableDynamicAgentLoading to hide this warning
WARNING: If a serviceability tool is not in use, please run with -Djdk.instrument.traceUsage for more information
WARNING: Dynamic loading of agents will be disallowed by default in a future release
]]></system-err>
</testsuite>
